# JRE version: OpenJDK Runtime Environment Temurin-17.0.8.1+1 (17.0.8.1+1) (build 17.0.8.1+1)
# Java VM: OpenJDK 64-Bit Server VM Temurin-17.0.8.1+1 (17.0.8.1+1, mixed mode, tiered, compressed oops, compressed class ptrs, g1 gc, linux-amd64)
GC Precious Log:
 CPUs: 6 total, 6 available
 Memory: 15936M
 Large Page Support: Disabled
 NUMA Support: Disabled
 Compressed Oops: Enabled (Zero based)
 Heap Region Size: 2M
 Heap Min Capacity: 8M
 Heap Initial Capacity: 250M
 Heap Max Capacity: 3986M
 Pre-touch: Disabled
 Parallel Workers: 6
 Concurrent Workers: 2
 Concurrent Refinement Workers: 6
 Periodic GC: Disabled
Heap:
 garbage-first heap   total 153600K, used 47913K [0x0000000706e00000, 0x0000000800000000)
  region size 2048K, 19 young (38912K), 1 survivors (2048K)
 Metaspace       used 33225K, committed 33472K, reserved 1114112K
  class space    used 3976K, committed 4096K, reserved 1048576K
GC Heap History (12 events):
Event: 0.545 GC heap before
{Heap before GC invocations=0 (full 0):
 garbage-first heap   total 256000K, used 20480K [0x0000000706e00000, 0x0000000800000000)
  region size 2048K, 10 young (20480K), 0 survivors (0K)
 Metaspace       used 12956K, committed 13184K, reserved 1114112K
  class space    used 1289K, committed 1408K, reserved 1048576K
}
Event: 0.557 GC heap after
{Heap after GC invocations=1 (full 0):
 garbage-first heap   total 256000K, used 6916K [0x0000000706e00000, 0x0000000800000000)
  region size 2048K, 2 young (4096K), 2 survivors (4096K)
 Metaspace       used 12956K, committed 13184K, reserved 1114112K
  class space    used 1289K, committed 1408K, reserved 1048576K
}
Event: 1.037 GC heap before
{Heap before GC invocations=1 (full 0):
 garbage-first heap   total 256000K, used 27396K [0x0000000706e00000, 0x0000000800000000)
  region size 2048K, 12 young (24576K), 2 survivors (4096K)
 Metaspace       used 18495K, committed 18752K, reserved 1114112K
  class space    used 2047K, committed 2176K, reserved 1048576K
}
Event: 1.046 GC heap after
{Heap after GC invocations=2 (full 0):
 garbage-first heap   total 256000K, used 8511K [0x0000000706e00000, 0x0000000800000000)
  region size 2048K, 1 young (2048K), 1 survivors (2048K)
 Metaspace       used 18495K, committed 18752K, reserved 1114112K
  class space    used 2047K, committed 2176K, reserved 1048576K
}
Event: 1.226 GC heap before
{Heap before GC invocations=2 (full 0):
 garbage-first heap   total 256000K, used 20799K [0x0000000706e00000, 0x0000000800000000)
  region size 2048K, 8 young (16384K), 1 survivors (2048K)
 Metaspace       used 21317K, committed 21504K, reserved 1114112K
  class space    used 2481K, committed 2560K, reserved 1048576K
}
Event: 1.231 GC heap after
{Heap after GC invocations=3 (full 0):
 garbage-first heap   total 256000K, used 9201K [0x0000000706e00000, 0x0000000800000000)
  region size 2048K, 2 young (4096K), 2 survivors (4096K)
 Metaspace       used 21317K, committed 21504K, reserved 1114112K
  class space    used 2481K, committed 2560K, reserved 1048576K
}
Event: 1.451 GC heap before
{Heap before GC invocations=4 (full 0):
 garbage-first heap   total 49152K, used 31729K [0x0000000706e00000, 0x0000000800000000)
  region size 2048K, 14 young (28672K), 2 survivors (4096K)
 Metaspace       used 26309K, committed 26560K, reserved 1114112K
  class space    used 3009K, committed 3136K, reserved 1048576K
}
Event: 1.459 GC heap after
{Heap after GC invocations=5 (full 0):
 garbage-first heap   total 49152K, used 12018K [0x0000000706e00000, 0x0000000800000000)
  region size 2048K, 3 young (6144K), 3 survivors (6144K)
 Metaspace       used 26309K, committed 26560K, reserved 1114112K
  class space    used 3009K, committed 3136K, reserved 1048576K
}
Event: 1.476 GC heap before
{Heap before GC invocations=5 (full 0):
 garbage-first heap   total 49152K, used 12018K [0x0000000706e00000, 0x0000000800000000)
  region size 2048K, 4 young (8192K), 3 survivors (6144K)
 Metaspace       used 26698K, committed 27008K, reserved 1114112K
  class space    used 3064K, committed 3200K, reserved 1048576K
}
Event: 1.481 GC heap after
{Heap after GC invocations=6 (full 0):
 garbage-first heap   total 49152K, used 12501K [0x0000000706e00000, 0x0000000800000000)
  region size 2048K, 1 young (2048K), 1 survivors (2048K)
 Metaspace       used 26698K, committed 27008K, reserved 1114112K
  class space    used 3064K, committed 3200K, reserved 1048576K
}
Event: 1.710 GC heap before
{Heap before GC invocations=6 (full 0):
 garbage-first heap   total 49152K, used 28885K [0x0000000706e00000, 0x0000000800000000)
  region size 2048K, 9 young (18432K), 1 survivors (2048K)
 Metaspace       used 28566K, committed 28864K, reserved 1114112K
  class space    used 3316K, committed 3456K, reserved 1048576K
}
Event: 1.713 GC heap after
{Heap after GC invocations=7 (full 0):
 garbage-first heap   total 153600K, used 13097K [0x0000000706e00000, 0x0000000800000000)
  region size 2048K, 1 young (2048K), 1 survivors (2048K)
 Metaspace       used 28566K, committed 28864K, reserved 1114112K
  class space    used 3316K, committed 3456K, reserved 1048576K
}

