# JRE version: OpenJDK Runtime Environment Temurin-17.0.8.1+1 (17.0.8.1+1) (build 17.0.8.1+1)
# Java VM: OpenJDK 64-Bit Server VM Temurin-17.0.8.1+1 (17.0.8.1+1, mixed mode, tiered, compressed oops, compressed class ptrs, g1 gc, linux-amd64)
GC Precious Log:
 CPUs: 6 total, 6 available
 Memory: 15936M
 Large Page Support: Disabled
 NUMA Support: Disabled
 Compressed Oops: Enabled (Zero based)
 Heap Region Size: 2M
 Heap Min Capacity: 8M
 Heap Initial Capacity: 250M
 Heap Max Capacity: 3986M
 Pre-touch: Disabled
 Parallel Workers: 6
 Concurrent Workers: 2
 Concurrent Refinement Workers: 6
 Periodic GC: Disabled
Heap:
 garbage-first heap   total 110592K, used 54012K [0x0000000706e00000, 0x0000000800000000)
  region size 2048K, 10 young (20480K), 3 survivors (6144K)
 Metaspace       used 85307K, committed 85888K, reserved 1179648K
  class space    used 11373K, committed 11648K, reserved 1048576K
GC Heap History (20 events):
Event: 1.550 GC heap before
{Heap before GC invocations=7 (full 0):
 garbage-first heap   total 49152K, used 31793K [0x0000000706e00000, 0x0000000800000000)
  region size 2048K, 10 young (20480K), 2 survivors (4096K)
 Metaspace       used 32132K, committed 32384K, reserved 1114112K
  class space    used 3826K, committed 3968K, reserved 1048576K
}
Event: 1.555 GC heap after
{Heap after GC invocations=8 (full 0):
 garbage-first heap   total 153600K, used 16602K [0x0000000706e00000, 0x0000000800000000)
  region size 2048K, 2 young (4096K), 2 survivors (4096K)
 Metaspace       used 32132K, committed 32384K, reserved 1114112K
  class space    used 3826K, committed 3968K, reserved 1048576K
}
Event: 1.846 GC heap before
{Heap before GC invocations=8 (full 0):
 garbage-first heap   total 153600K, used 32986K [0x0000000706e00000, 0x0000000800000000)
  region size 2048K, 11 young (22528K), 2 survivors (4096K)
 Metaspace       used 35642K, committed 35968K, reserved 1114112K
  class space    used 4324K, committed 4480K, reserved 1048576K
}
Event: 1.855 GC heap after
{Heap after GC invocations=9 (full 0):
 garbage-first heap   total 153600K, used 18429K [0x0000000706e00000, 0x0000000800000000)
  region size 2048K, 3 young (6144K), 3 survivors (6144K)
 Metaspace       used 35642K, committed 35968K, reserved 1114112K
  class space    used 4324K, committed 4480K, reserved 1048576K
}
Event: 2.449 GC heap before
{Heap before GC invocations=10 (full 0):
 garbage-first heap   total 75776K, used 57341K [0x0000000706e00000, 0x0000000800000000)
  region size 2048K, 22 young (45056K), 3 survivors (6144K)
 Metaspace       used 42539K, committed 42944K, reserved 1114112K
  class space    used 5234K, committed 5440K, reserved 1048576K
}
Event: 2.458 GC heap after
{Heap after GC invocations=11 (full 0):
 garbage-first heap   total 75776K, used 21593K [0x0000000706e00000, 0x0000000800000000)
  region size 2048K, 3 young (6144K), 3 survivors (6144K)
 Metaspace       used 42539K, committed 42944K, reserved 1114112K
  class space    used 5234K, committed 5440K, reserved 1048576K
}
Event: 3.018 GC heap before
{Heap before GC invocations=11 (full 0):
 garbage-first heap   total 75776K, used 54361K [0x0000000706e00000, 0x0000000800000000)
  region size 2048K, 19 young (38912K), 3 survivors (6144K)
 Metaspace       used 54319K, committed 54720K, reserved 1114112K
  class space    used 6828K, committed 7040K, reserved 1048576K
}
Event: 3.027 GC heap after
{Heap after GC invocations=12 (full 0):
 garbage-first heap   total 75776K, used 24348K [0x0000000706e00000, 0x0000000800000000)
  region size 2048K, 2 young (4096K), 2 survivors (4096K)
 Metaspace       used 54319K, committed 54720K, reserved 1114112K
  class space    used 6828K, committed 7040K, reserved 1048576K
}
Event: 3.286 GC heap before
{Heap before GC invocations=12 (full 0):
 garbage-first heap   total 75776K, used 44828K [0x0000000706e00000, 0x0000000800000000)
  region size 2048K, 13 young (26624K), 2 survivors (4096K)
 Metaspace       used 59740K, committed 60160K, reserved 1114112K
  class space    used 7591K, committed 7808K, reserved 1048576K
}
Event: 3.290 GC heap after
{Heap after GC invocations=13 (full 0):
 garbage-first heap   total 75776K, used 25839K [0x0000000706e00000, 0x0000000800000000)
  region size 2048K, 2 young (4096K), 2 survivors (4096K)
 Metaspace       used 59740K, committed 60160K, reserved 1114112K
  class space    used 7591K, committed 7808K, reserved 1048576K
}
Event: 3.756 GC heap before
{Heap before GC invocations=14 (full 0):
 garbage-first heap   total 75776K, used 56559K [0x0000000706e00000, 0x0000000800000000)
  region size 2048K, 17 young (34816K), 2 survivors (4096K)
 Metaspace       used 65702K, committed 66176K, reserved 1114112K
  class space    used 8598K, committed 8832K, reserved 1048576K
}
Event: 3.762 GC heap after
{Heap after GC invocations=15 (full 0):
 garbage-first heap   total 92160K, used 27499K [0x0000000706e00000, 0x0000000800000000)
  region size 2048K, 2 young (4096K), 2 survivors (4096K)
 Metaspace       used 65702K, committed 66176K, reserved 1114112K
  class space    used 8598K, committed 8832K, reserved 1048576K
}
Event: 4.169 GC heap before
{Heap before GC invocations=15 (full 0):
 garbage-first heap   total 92160K, used 70507K [0x0000000706e00000, 0x0000000800000000)
  region size 2048K, 23 young (47104K), 2 survivors (4096K)
 Metaspace       used 70885K, committed 71424K, reserved 1114112K
  class space    used 9323K, committed 9600K, reserved 1048576K
}
Event: 4.176 GC heap after
{Heap after GC invocations=16 (full 0):
 garbage-first heap   total 92160K, used 29727K [0x0000000706e00000, 0x0000000800000000)
  region size 2048K, 3 young (6144K), 3 survivors (6144K)
 Metaspace       used 70885K, committed 71424K, reserved 1114112K
  class space    used 9323K, committed 9600K, reserved 1048576K
}
Event: 4.853 GC heap before
{Heap before GC invocations=16 (full 0):
 garbage-first heap   total 92160K, used 70687K [0x0000000706e00000, 0x0000000800000000)
  region size 2048K, 23 young (47104K), 3 survivors (6144K)
 Metaspace       used 75516K, committed 76096K, reserved 1179648K
  class space    used 10075K, committed 10368K, reserved 1048576K
}
Event: 4.863 GC heap after
{Heap after GC invocations=17 (full 0):
 garbage-first heap   total 92160K, used 32248K [0x0000000706e00000, 0x0000000800000000)
  region size 2048K, 3 young (6144K), 3 survivors (6144K)
 Metaspace       used 75516K, committed 76096K, reserved 1179648K
  class space    used 10075K, committed 10368K, reserved 1048576K
}
Event: 5.277 GC heap before
{Heap before GC invocations=17 (full 0):
 garbage-first heap   total 92160K, used 71160K [0x0000000706e00000, 0x0000000800000000)
  region size 2048K, 22 young (45056K), 3 survivors (6144K)
 Metaspace       used 79809K, committed 80320K, reserved 1179648K
  class space    used 10699K, committed 10944K, reserved 1048576K
}
Event: 5.283 GC heap after
{Heap after GC invocations=18 (full 0):
 garbage-first heap   total 92160K, used 35209K [0x0000000706e00000, 0x0000000800000000)
  region size 2048K, 3 young (6144K), 3 survivors (6144K)
 Metaspace       used 79809K, committed 80320K, reserved 1179648K
  class space    used 10699K, committed 10944K, reserved 1048576K
}
Event: 7108.170 GC heap before
{Heap before GC invocations=18 (full 0):
 garbage-first heap   total 92160K, used 72073K [0x0000000706e00000, 0x0000000800000000)
  region size 2048K, 21 young (43008K), 3 survivors (6144K)
 Metaspace       used 85180K, committed 85760K, reserved 1179648K
  class space    used 11373K, committed 11648K, reserved 1048576K
}
Event: 7108.180 GC heap after
{Heap after GC invocations=19 (full 0):
 garbage-first heap   total 110592K, used 39676K [0x0000000706e00000, 0x0000000800000000)
  region size 2048K, 3 young (6144K), 3 survivors (6144K)
 Metaspace       used 85180K, committed 85760K, reserved 1179648K
  class space    used 11373K, committed 11648K, reserved 1048576K
}

