# JRE version: OpenJDK Runtime Environment Temurin-17.0.8.1+1 (17.0.8.1+1) (build 17.0.8.1+1)
# Java VM: OpenJDK 64-Bit Server VM Temurin-17.0.8.1+1 (17.0.8.1+1, mixed mode, tiered, compressed oops, compressed class ptrs, g1 gc, linux-amd64)
GC Precious Log:
 CPUs: 6 total, 6 available
 Memory: 15936M
 Large Page Support: Disabled
 NUMA Support: Disabled
 Compressed Oops: Enabled (Zero based)
 Heap Region Size: 2M
 Heap Min Capacity: 8M
 Heap Initial Capacity: 250M
 Heap Max Capacity: 3986M
 Pre-touch: Disabled
 Parallel Workers: 6
 Concurrent Workers: 2
 Concurrent Refinement Workers: 6
 Periodic GC: Disabled
Heap:
 garbage-first heap   total 90112K, used 37286K [0x0000000706e00000, 0x0000000800000000)
  region size 2048K, 9 young (18432K), 1 survivors (2048K)
 Metaspace       used 54179K, committed 54592K, reserved 1114112K
  class space    used 6837K, committed 7040K, reserved 1048576K
GC Heap History (20 events):
Event: 0.981 GC heap before
{Heap before GC invocations=2 (full 0):
 garbage-first heap   total 256000K, used 23235K [0x0000000706e00000, 0x0000000800000000)
  region size 2048K, 9 young (18432K), 1 survivors (2048K)
 Metaspace       used 21389K, committed 21504K, reserved 1114112K
  class space    used 2507K, committed 2560K, reserved 1048576K
}
Event: 0.984 GC heap after
{Heap after GC invocations=3 (full 0):
 garbage-first heap   total 256000K, used 9843K [0x0000000706e00000, 0x0000000800000000)
  region size 2048K, 2 young (4096K), 2 survivors (4096K)
 Metaspace       used 21389K, committed 21504K, reserved 1114112K
  class space    used 2507K, committed 2560K, reserved 1048576K
}
Event: 1.125 GC heap before
{Heap before GC invocations=4 (full 0):
 garbage-first heap   total 49152K, used 32371K [0x0000000706e00000, 0x0000000800000000)
  region size 2048K, 14 young (28672K), 2 survivors (4096K)
 Metaspace       used 26498K, committed 26816K, reserved 1114112K
  class space    used 3038K, committed 3200K, reserved 1048576K
}
Event: 1.128 GC heap after
{Heap after GC invocations=5 (full 0):
 garbage-first heap   total 49152K, used 12092K [0x0000000706e00000, 0x0000000800000000)
  region size 2048K, 3 young (6144K), 3 survivors (6144K)
 Metaspace       used 26498K, committed 26816K, reserved 1114112K
  class space    used 3038K, committed 3200K, reserved 1048576K
}
Event: 1.138 GC heap before
{Heap before GC invocations=5 (full 0):
 garbage-first heap   total 49152K, used 12092K [0x0000000706e00000, 0x0000000800000000)
  region size 2048K, 4 young (8192K), 3 survivors (6144K)
 Metaspace       used 26864K, committed 27072K, reserved 1114112K
  class space    used 3090K, committed 3200K, reserved 1048576K
}
Event: 1.142 GC heap after
{Heap after GC invocations=6 (full 0):
 garbage-first heap   total 49152K, used 12655K [0x0000000706e00000, 0x0000000800000000)
  region size 2048K, 1 young (2048K), 1 survivors (2048K)
 Metaspace       used 26864K, committed 27072K, reserved 1114112K
  class space    used 3090K, committed 3200K, reserved 1048576K
}
Event: 1.301 GC heap before
{Heap before GC invocations=6 (full 0):
 garbage-first heap   total 49152K, used 29039K [0x0000000706e00000, 0x0000000800000000)
  region size 2048K, 9 young (18432K), 1 survivors (2048K)
 Metaspace       used 28553K, committed 28864K, reserved 1114112K
  class space    used 3319K, committed 3456K, reserved 1048576K
}
Event: 1.303 GC heap after
{Heap after GC invocations=7 (full 0):
 garbage-first heap   total 153600K, used 13839K [0x0000000706e00000, 0x0000000800000000)
  region size 2048K, 1 young (2048K), 1 survivors (2048K)
 Metaspace       used 28553K, committed 28864K, reserved 1114112K
  class space    used 3319K, committed 3456K, reserved 1048576K
}
Event: 1.648 GC heap before
{Heap before GC invocations=8 (full 0):
 garbage-first heap   total 55296K, used 44559K [0x0000000706e00000, 0x0000000800000000)
  region size 2048K, 16 young (32768K), 1 survivors (2048K)
 Metaspace       used 32157K, committed 32448K, reserved 1114112K
  class space    used 3836K, committed 3968K, reserved 1048576K
}
Event: 1.653 GC heap after
{Heap after GC invocations=9 (full 0):
 garbage-first heap   total 55296K, used 16072K [0x0000000706e00000, 0x0000000800000000)
  region size 2048K, 2 young (4096K), 2 survivors (4096K)
 Metaspace       used 32157K, committed 32448K, reserved 1114112K
  class space    used 3836K, committed 3968K, reserved 1048576K
}
Event: 1.679 GC heap before
{Heap before GC invocations=9 (full 0):
 garbage-first heap   total 55296K, used 18120K [0x0000000706e00000, 0x0000000800000000)
  region size 2048K, 3 young (6144K), 2 survivors (4096K)
 Metaspace       used 32493K, committed 32768K, reserved 1114112K
  class space    used 3883K, committed 4032K, reserved 1048576K
}
Event: 1.684 GC heap after
{Heap after GC invocations=10 (full 0):
 garbage-first heap   total 55296K, used 16629K [0x0000000706e00000, 0x0000000800000000)
  region size 2048K, 1 young (2048K), 1 survivors (2048K)
 Metaspace       used 32493K, committed 32768K, reserved 1114112K
  class space    used 3883K, committed 4032K, reserved 1048576K
}
Event: 1.970 GC heap before
{Heap before GC invocations=10 (full 0):
 garbage-first heap   total 55296K, used 37109K [0x0000000706e00000, 0x0000000800000000)
  region size 2048K, 11 young (22528K), 1 survivors (2048K)
 Metaspace       used 36542K, committed 36928K, reserved 1114112K
  class space    used 4478K, committed 4672K, reserved 1048576K
}
Event: 1.974 GC heap after
{Heap after GC invocations=11 (full 0):
 garbage-first heap   total 55296K, used 18709K [0x0000000706e00000, 0x0000000800000000)
  region size 2048K, 2 young (4096K), 2 survivors (4096K)
 Metaspace       used 36542K, committed 36928K, reserved 1114112K
  class space    used 4478K, committed 4672K, reserved 1048576K
}
Event: 2.228 GC heap before
{Heap before GC invocations=11 (full 0):
 garbage-first heap   total 55296K, used 37141K [0x0000000706e00000, 0x0000000800000000)
  region size 2048K, 11 young (22528K), 2 survivors (4096K)
 Metaspace       used 40446K, committed 40960K, reserved 1114112K
  class space    used 4946K, committed 5184K, reserved 1048576K
}
Event: 2.234 GC heap after
{Heap after GC invocations=12 (full 0):
 garbage-first heap   total 55296K, used 20899K [0x0000000706e00000, 0x0000000800000000)
  region size 2048K, 2 young (4096K), 2 survivors (4096K)
 Metaspace       used 40446K, committed 40960K, reserved 1114112K
  class space    used 4946K, committed 5184K, reserved 1048576K
}
Event: 2.416 GC heap before
{Heap before GC invocations=12 (full 0):
 garbage-first heap   total 55296K, used 37283K [0x0000000706e00000, 0x0000000800000000)
  region size 2048K, 10 young (20480K), 2 survivors (4096K)
 Metaspace       used 42503K, committed 42880K, reserved 1114112K
  class space    used 5232K, committed 5440K, reserved 1048576K
}
Event: 2.423 GC heap after
{Heap after GC invocations=13 (full 0):
 garbage-first heap   total 155648K, used 22157K [0x0000000706e00000, 0x0000000800000000)
  region size 2048K, 1 young (2048K), 1 survivors (2048K)
 Metaspace       used 42503K, committed 42880K, reserved 1114112K
  class space    used 5232K, committed 5440K, reserved 1048576K
}
Event: 2.663 GC heap before
{Heap before GC invocations=13 (full 0):
 garbage-first heap   total 155648K, used 38541K [0x0000000706e00000, 0x0000000800000000)
  region size 2048K, 10 young (20480K), 1 survivors (2048K)
 Metaspace       used 47767K, committed 48128K, reserved 1114112K
  class space    used 6024K, committed 6208K, reserved 1048576K
}
Event: 2.668 GC heap after
{Heap after GC invocations=14 (full 0):
 garbage-first heap   total 155648K, used 22950K [0x0000000706e00000, 0x0000000800000000)
  region size 2048K, 1 young (2048K), 1 survivors (2048K)
 Metaspace       used 47767K, committed 48128K, reserved 1114112K
  class space    used 6024K, committed 6208K, reserved 1048576K
}

