# JRE version: OpenJDK Runtime Environment Temurin-17.0.8.1+1 (17.0.8.1+1) (build 17.0.8.1+1)
# Java VM: OpenJDK 64-Bit Server VM Temurin-17.0.8.1+1 (17.0.8.1+1, mixed mode, emulated-client, tiered, compressed oops, compressed class ptrs, g1 gc, linux-amd64)
GC Precious Log:
 CPUs: 6 total, 6 available
 Memory: 15936M
 Large Page Support: Disabled
 NUMA Support: Disabled
 Compressed Oops: Enabled (32-bit)
 Heap Region Size: 1M
 Heap Min Capacity: 8M
 Heap Initial Capacity: 250M
 Heap Max Capacity: 1G
 Pre-touch: Disabled
 Parallel Workers: 6
 Concurrent Workers: 2
 Concurrent Refinement Workers: 6
 Periodic GC: Disabled
Heap:
 garbage-first heap   total 75776K, used 57138K [0x00000000c0000000, 0x0000000100000000)
  region size 1024K, 18 young (18432K), 1 survivors (1024K)
 Metaspace       used 57456K, committed 57920K, reserved 1114112K
  class space    used 7076K, committed 7296K, reserved 1048576K
GC Heap History (20 events):
Event: 4.816 GC heap before
{Heap before GC invocations=15 (full 0):
 garbage-first heap   total 75776K, used 54462K [0x00000000c0000000, 0x0000000100000000)
  region size 1024K, 23 young (23552K), 2 survivors (2048K)
 Metaspace       used 54872K, committed 55424K, reserved 1114112K
  class space    used 6749K, committed 7040K, reserved 1048576K
}
Event: 4.823 GC heap after
{Heap after GC invocations=16 (full 0):
 garbage-first heap   total 75776K, used 36735K [0x00000000c0000000, 0x0000000100000000)
  region size 1024K, 3 young (3072K), 3 survivors (3072K)
 Metaspace       used 54872K, committed 55424K, reserved 1114112K
  class space    used 6749K, committed 7040K, reserved 1048576K
}
Event: 421.664 GC heap before
{Heap before GC invocations=16 (full 0):
 garbage-first heap   total 75776K, used 56191K [0x00000000c0000000, 0x0000000100000000)
  region size 1024K, 23 young (23552K), 3 survivors (3072K)
 Metaspace       used 57264K, committed 57728K, reserved 1114112K
  class space    used 7061K, committed 7296K, reserved 1048576K
}
Event: 421.667 GC heap after
{Heap after GC invocations=17 (full 0):
 garbage-first heap   total 75776K, used 38276K [0x00000000c0000000, 0x0000000100000000)
  region size 1024K, 2 young (2048K), 2 survivors (2048K)
 Metaspace       used 57264K, committed 57728K, reserved 1114112K
  class space    used 7061K, committed 7296K, reserved 1048576K
}
Event: 1754.440 GC heap before
{Heap before GC invocations=18 (full 0):
 garbage-first heap   total 75776K, used 57732K [0x00000000c0000000, 0x0000000100000000)
  region size 1024K, 22 young (22528K), 2 survivors (2048K)
 Metaspace       used 57377K, committed 57856K, reserved 1114112K
  class space    used 7069K, committed 7296K, reserved 1048576K
}
Event: 1754.443 GC heap after
{Heap after GC invocations=19 (full 0):
 garbage-first heap   total 75776K, used 40960K [0x00000000c0000000, 0x0000000100000000)
  region size 1024K, 3 young (3072K), 3 survivors (3072K)
 Metaspace       used 57377K, committed 57856K, reserved 1114112K
  class space    used 7069K, committed 7296K, reserved 1048576K
}
Event: 2144.721 GC heap before
{Heap before GC invocations=19 (full 0):
 garbage-first heap   total 75776K, used 41984K [0x00000000c0000000, 0x0000000100000000)
  region size 1024K, 4 young (4096K), 3 survivors (3072K)
 Metaspace       used 57377K, committed 57856K, reserved 1114112K
  class space    used 7069K, committed 7296K, reserved 1048576K
}
Event: 2144.724 GC heap after
{Heap after GC invocations=20 (full 0):
 garbage-first heap   total 75776K, used 39077K [0x00000000c0000000, 0x0000000100000000)
  region size 1024K, 1 young (1024K), 1 survivors (1024K)
 Metaspace       used 57377K, committed 57856K, reserved 1114112K
  class space    used 7069K, committed 7296K, reserved 1048576K
}
Event: 2761.975 GC heap before
{Heap before GC invocations=20 (full 0):
 garbage-first heap   total 75776K, used 57509K [0x00000000c0000000, 0x0000000100000000)
  region size 1024K, 20 young (20480K), 1 survivors (1024K)
 Metaspace       used 57416K, committed 57920K, reserved 1114112K
  class space    used 7076K, committed 7296K, reserved 1048576K
}
Event: 2761.979 GC heap after
{Heap after GC invocations=21 (full 0):
 garbage-first heap   total 75776K, used 39901K [0x00000000c0000000, 0x0000000100000000)
  region size 1024K, 1 young (1024K), 1 survivors (1024K)
 Metaspace       used 57416K, committed 57920K, reserved 1114112K
  class space    used 7076K, committed 7296K, reserved 1048576K
}
Event: 2866.489 GC heap before
{Heap before GC invocations=22 (full 0):
 garbage-first heap   total 75776K, used 58333K [0x00000000c0000000, 0x0000000100000000)
  region size 1024K, 20 young (20480K), 1 survivors (1024K)
 Metaspace       used 57366K, committed 57920K, reserved 1114112K
  class space    used 7067K, committed 7296K, reserved 1048576K
}
Event: 2866.492 GC heap after
{Heap after GC invocations=23 (full 0):
 garbage-first heap   total 75776K, used 39681K [0x00000000c0000000, 0x0000000100000000)
  region size 1024K, 1 young (1024K), 1 survivors (1024K)
 Metaspace       used 57366K, committed 57920K, reserved 1114112K
  class space    used 7067K, committed 7296K, reserved 1048576K
}
Event: 2866.507 GC heap before
{Heap before GC invocations=23 (full 0):
 garbage-first heap   total 75776K, used 40705K [0x00000000c0000000, 0x0000000100000000)
  region size 1024K, 3 young (3072K), 1 survivors (1024K)
 Metaspace       used 57366K, committed 57920K, reserved 1114112K
  class space    used 7067K, committed 7296K, reserved 1048576K
}
Event: 2866.512 GC heap after
{Heap after GC invocations=24 (full 0):
 garbage-first heap   total 75776K, used 35887K [0x00000000c0000000, 0x0000000100000000)
  region size 1024K, 1 young (1024K), 1 survivors (1024K)
 Metaspace       used 57366K, committed 57920K, reserved 1114112K
  class space    used 7067K, committed 7296K, reserved 1048576K
}
Event: 6203.060 GC heap before
{Heap before GC invocations=24 (full 0):
 garbage-first heap   total 75776K, used 58415K [0x00000000c0000000, 0x0000000100000000)
  region size 1024K, 24 young (24576K), 1 survivors (1024K)
 Metaspace       used 57450K, committed 57920K, reserved 1114112K
  class space    used 7075K, committed 7296K, reserved 1048576K
}
Event: 6203.063 GC heap after
{Heap after GC invocations=25 (full 0):
 garbage-first heap   total 75776K, used 39324K [0x00000000c0000000, 0x0000000100000000)
  region size 1024K, 3 young (3072K), 3 survivors (3072K)
 Metaspace       used 57450K, committed 57920K, reserved 1114112K
  class space    used 7075K, committed 7296K, reserved 1048576K
}
Event: 10251.214 GC heap before
{Heap before GC invocations=26 (full 0):
 garbage-first heap   total 75776K, used 58780K [0x00000000c0000000, 0x0000000100000000)
  region size 1024K, 22 young (22528K), 3 survivors (3072K)
 Metaspace       used 57455K, committed 57920K, reserved 1114112K
  class space    used 7076K, committed 7296K, reserved 1048576K
}
Event: 10251.218 GC heap after
{Heap after GC invocations=27 (full 0):
 garbage-first heap   total 75776K, used 39955K [0x00000000c0000000, 0x0000000100000000)
  region size 1024K, 2 young (2048K), 2 survivors (2048K)
 Metaspace       used 57455K, committed 57920K, reserved 1114112K
  class space    used 7076K, committed 7296K, reserved 1048576K
}
Event: 10621.455 GC heap before
{Heap before GC invocations=27 (full 0):
 garbage-first heap   total 75776K, used 39955K [0x00000000c0000000, 0x0000000100000000)
  region size 1024K, 3 young (3072K), 2 survivors (2048K)
 Metaspace       used 57455K, committed 57920K, reserved 1114112K
  class space    used 7076K, committed 7296K, reserved 1048576K
}
Event: 10621.457 GC heap after
{Heap after GC invocations=28 (full 0):
 garbage-first heap   total 75776K, used 39730K [0x00000000c0000000, 0x0000000100000000)
  region size 1024K, 1 young (1024K), 1 survivors (1024K)
 Metaspace       used 57455K, committed 57920K, reserved 1114112K
  class space    used 7076K, committed 7296K, reserved 1048576K
}

